Building binary (SANDBOX=false)...
0%: Compute target dependency graph
Building targets in dependency order
Target dependency graph (7 targets)
0%: Gather provisioning inputs
0%: Create build description
0%: Discovering version info for clang
0%: Discovering version info for swiftc
0%: Discovering version info for clang
0%: Discovering version info for ld
0%: Discovering version info for clang
Build description signature: decca0fe44d23e3236091449f4314076

Build description path: /Users/julsh/git/clipkitty/.build/apple/Intermediates.noindex/XCBuildData/decca0fe44d23e3236091449f4314076.xcbuilddata

0%: Build stat cache for /Applications/Xcode.app/Contents/Developer/Platforms/MacOSX.platform/Developer/SDKs/MacOSX26.2.sdk
0%: Process empty-ClipKitty_ClipKitty.plist
100%: Build succeeded
Build complete!
Creating app bundle structure...
Signing with standard entitlements...
Generating Xcode project...
Generated ClipKitty.xcodeproj
Recording preview video...
=== ClipKitty App Store Preview Video Recording ===

Screen resolution: 2560x1600
Starting screen recording...
(Recording will capture the search demo test)

NOTE: If this fails, ensure Terminal has Screen Recording permission:
  System Settings > Privacy & Security > Screen Recording

Starting UI test (will signal when ready)...
Waiting for demo to start...
Using macOS screencapture for recording...
Recording search demo...

Stopping recording...
Test Case '-[ClipKittyUITests.ClipKittyUITests testRecordSearchDemo]' started.
Test Case '-[ClipKittyUITests.ClipKittyUITests testRecordSearchDemo]' passed (28.246 seconds).
Test Suite 'ClipKittyUITests' passed at 2026-01-24 18:45:05.063.
Test Suite 'ClipKittyUITests.xctest' passed at 2026-01-24 18:45:05.065.
Test Suite 'Selected tests' passed at 2026-01-24 18:45:05.066.
Test case 'ClipKittyUITests.testRecordSearchDemo()' passed on 'My Mac - ClipKittyUITests-Runner (87064)' (28.246 seconds)
Post-processing video...
Raw video duration: 22s
Video duration: 22s (App Store limit: 30s)
Window bounds: 636,158,1716,1196
Cropping to window: 1716x1196+636+158

=== Video Recording Complete ===
Output: /Users/julsh/git/clipkitty/marketing/app_preview.mov
Size: 6.5M

App Store Requirements:
  - Duration: 15-30 seconds ✓
  - Format: H.264 .mov ✓
  - Resolution: 2880x1800 ✓
  - Max size: 500MB (yours: 6.5M)
Closing ClipKitty...
