Building binary (SANDBOX=false)...
0%: Compute target dependency graph
Building targets in dependency order
Target dependency graph (7 targets)
0%: Gather provisioning inputs
0%: Create build description
0%: Discovering version info for clang
0%: Discovering version info for clang
0%: Discovering version info for swiftc
0%: Discovering version info for ld
0%: Discovering version info for clang
Build description signature: 2918da217f44059b96905ec3e7c92a50

Build description path: /Users/julsh/git/clipkitty/.build/apple/Intermediates.noindex/XCBuildData/2918da217f44059b96905ec3e7c92a50.xcbuilddata

0%: Build stat cache for /Applications/Xcode.app/Contents/Developer/Platforms/MacOSX.platform/Developer/SDKs/MacOSX26.2.sdk
0%: Process empty-ClipKitty_ClipKitty.plist
18%: Link ClipKittyRustFFI_Module.o (arm64)
18%: Link ColorCode_Module.o (arm64)
18%: Planning Swift module ClipKitty (arm64)
18%: Link ClipKittyRustFFI_Module.o (x86_64)
18%: Link ColorCode_Module.o (x86_64)
18%: Create universal binary ClipKittyRustFFI_Module.o
18%: Create universal binary ColorCode_Module.o
18%: Extract app intents metadata
18%: Register execution policy exception for ClipKittyRustFFI_Module.o
64%: Link ClipKittyRust_Module.o (arm64)
64%: Link ClipKittyRust_Module.o (x86_64)
64%: Create universal binary ClipKittyRust_Module.o
64%: Extract app intents metadata
2026-01-24 18:25:25.595 appintentsmetadataprocessor[85237:4324397] Starting appintentsmetadataprocessor export
2026-01-24 18:25:25.845 appintentsmetadataprocessor[85237:4324397] Extracted no relevant App Intents symbols, skipping writing output

80%: Register execution policy exception for ColorCode_Module.o
2026-01-24 18:25:25.646 appintentsmetadataprocessor[85243:4324421] Starting appintentsmetadataprocessor export
2026-01-24 18:25:25.894 appintentsmetadataprocessor[85243:4324421] Extracted no relevant App Intents symbols, skipping writing output

80%: Register execution policy exception for ClipKittyRust_Module.o
79%: Compiling resource_bundle_accessor.swift, AppDelegate.swift, AppLogger.swift, ClipKittyApp.swift, ClipboardStore.swift, ContentView.swift, FloatingPanelController.swift, FontManager.swift, FuzzyMatch.swift, HotKeyManager.swift, ImageDescriptionGenerator.swift, LaunchAtLogin.swift, LinkMetadataFetcher.swift, Settings.swift, SettingsView.swift, VisualEffectView.swift
79%: Compile 16 Swift source files (arm64)
80%: Discovering Swift tasks after 'Compiling resource_bundle_accessor.swift, AppDelegate.swift, AppLogger.swift, ClipKittyApp.swift, ClipboardStore.swift, ContentView.swift, FloatingPanelController.swift, FontManager.swift, FuzzyMatch.swift, HotKeyManager.swift, ImageDescriptionGenerator.swift, LaunchAtLogin.swift, LinkMetadataFetcher.swift, Settings.swift, SettingsView.swift, VisualEffectView.swift'
80%: Unblock downstream dependents of ClipKitty (arm64)
80%: Link ClipKitty (arm64)
80%: Copy ClipKitty.swiftsourceinfo (arm64)
80%: Planning Swift module ClipKitty (x86_64)
80%: Copy ClipKitty.abi.json (arm64)
80%: Compiling resource_bundle_accessor.swift, AppDelegate.swift, AppLogger.swift, ClipKittyApp.swift, ClipboardStore.swift, ContentView.swift, FloatingPanelController.swift, FontManager.swift, FuzzyMatch.swift, HotKeyManager.swift, ImageDescriptionGenerator.swift, LaunchAtLogin.swift, LinkMetadataFetcher.swift, Settings.swift, SettingsView.swift, VisualEffectView.swift
80%: Compile 16 Swift source files (x86_64)
78%: Discovering Swift tasks after 'Compiling resource_bundle_accessor.swift, AppDelegate.swift, AppLogger.swift, ClipKittyApp.swift, ClipboardStore.swift, ContentView.swift, FloatingPanelController.swift, FontManager.swift, FuzzyMatch.swift, HotKeyManager.swift, ImageDescriptionGenerator.swift, LaunchAtLogin.swift, LinkMetadataFetcher.swift, Settings.swift, SettingsView.swift, VisualEffectView.swift'
78%: Unblock downstream dependents of ClipKitty (x86_64)
78%: Link ClipKitty (x86_64)
78%: Copy ClipKitty.abi.json (x86_64)
78%: Copy ClipKitty.swiftsourceinfo (x86_64)
94%: Create universal binary ClipKitty
94%: Generate ClipKitty.dSYM for ClipKitty
100%: Compile ClipKitty (arm64)
100%: Compile ClipKitty (x86_64)
100%: Register execution policy exception for ClipKitty
100%: Build succeeded
Build complete!
Creating app bundle structure...
Signing with standard entitlements...
Generating Xcode project...
Generated ClipKitty.xcodeproj
Recording preview video...
=== ClipKitty App Store Preview Video Recording ===

Screen resolution: 2560x1600
Starting screen recording...
(Recording will capture the search demo test)

NOTE: If this fails, ensure Terminal has Screen Recording permission:
  System Settings > Privacy & Security > Screen Recording

Starting UI test (will signal when ready)...
Waiting for demo to start...
Using macOS screencapture for recording...
Recording search demo...
Test Case '-[ClipKittyUITests.ClipKittyUITests testRecordSearchDemo]' started.
Test Case '-[ClipKittyUITests.ClipKittyUITests testRecordSearchDemo]' passed (35.037 seconds).
Test Suite 'ClipKittyUITests' passed at 2026-01-24 18:26:18.787.
Test Suite 'ClipKittyUITests.xctest' passed at 2026-01-24 18:26:18.788.
Test Suite 'Selected tests' passed at 2026-01-24 18:26:18.789.
Test case 'ClipKittyUITests.testRecordSearchDemo()' passed on 'My Mac - ClipKittyUITests-Runner (85375)' (35.037 seconds)

Stopping recording...
Post-processing video...
Raw video duration: 30s
Video duration: 30s (App Store limit: 30s)
Window bounds: 636,158,1716,1196
Cropping to window: 1716x1196+636+158

=== Video Recording Complete ===
Output: /Users/julsh/git/clipkitty/marketing/app_preview.mov
Size: 5.2M

App Store Requirements:
  - Duration: 15-30 seconds ✓
  - Format: H.264 .mov ✓
  - Resolution: 2880x1800 ✓
  - Max size: 500MB (yours: 5.2M)
Closing ClipKitty...
